[debug] [2023-11-30T04:06:03.525Z] ----------------------------------------------------------------------
[debug] [2023-11-30T04:06:03.526Z] Command:       /usr/bin/node /usr/local/bin/firebase init
[debug] [2023-11-30T04:06:03.527Z] CLI Version:   12.5.4
[debug] [2023-11-30T04:06:03.527Z] Platform:      linux
[debug] [2023-11-30T04:06:03.527Z] Node Version:  v18.13.0
[debug] [2023-11-30T04:06:03.527Z] Time:          Thu Nov 30 2023 10:36:03 GMT+0630 (Myanmar Time)
[debug] [2023-11-30T04:06:03.527Z] ----------------------------------------------------------------------
[debug] 
[debug] [2023-11-30T04:06:03.532Z] > command requires scopes: ["email","openid","https://www.googleapis.com/auth/cloudplatformprojects.readonly","https://www.googleapis.com/auth/firebase","https://www.googleapis.com/auth/cloud-platform"]
[debug] [2023-11-30T04:06:03.532Z] > authorizing via signed-in user (dev.lwinminkhant@gmail.com)
[info] 
     ######## #### ########  ######## ########     ###     ######  ########
     ##        ##  ##     ## ##       ##     ##  ##   ##  ##       ##
     ######    ##  ########  ######   ########  #########  ######  ######
     ##        ##  ##    ##  ##       ##     ## ##     ##       ## ##
     ##       #### ##     ## ######## ########  ##     ##  ######  ########

You're about to initialize a Firebase project in this directory:

  /home/lk/firebase hosting

[info] 
=== Project Setup
[info] 
[info] First, let's associate this project directory with a Firebase project.
[info] You can create multiple project aliases by running firebase use --add, 
[info] but for now we'll just set up a default project.
[info] 
[debug] [2023-11-30T04:06:43.774Z] >>> [apiv2][query] GET https://firebase.googleapis.com/v1beta1/projects pageSize=100
[debug] [2023-11-30T04:06:44.867Z] <<< [apiv2][status] GET https://firebase.googleapis.com/v1beta1/projects 200
[debug] [2023-11-30T04:06:44.867Z] <<< [apiv2][body] GET https://firebase.googleapis.com/v1beta1/projects [omitted]
[info] i  Using project musicplayer-33528 (MusicPlayer) 
[info] 
=== Hosting Setup
[info] 
[info] Your public directory is the folder (relative to your project directory) that
[info] will contain Hosting assets to be uploaded with firebase deploy. If you
[info] have a build process for your assets, use your build's output directory.
[info] 
[info] ✔  Wrote public/404.html 
[debug] [2023-11-30T04:07:11.162Z] >>> [apiv2][query] GET https://www.gstatic.com/firebasejs/releases.json [none]
[debug] [2023-11-30T04:07:11.336Z] <<< [apiv2][status] GET https://www.gstatic.com/firebasejs/releases.json 200
[debug] [2023-11-30T04:07:11.336Z] <<< [apiv2][body] GET https://www.gstatic.com/firebasejs/releases.json {"current":{"version":"10.7.0","browserURL":"https://www.gstatic.com/firebasejs/10.7.0/firebase.js","packageURL":"https://www.gstatic.com/firebasejs/10.7.0/firebase.tgz"},"live":{"version":"10.7","browserURL":"https://www.gstatic.com/firebasejs/live/10.7/firebase.js","packageURL":"https://www.gstatic.com/firebasejs/live/10.7/firebase.tgz"},"components":{"analytics":"https://www.gstatic.com/firebasejs/10.7.0/firebase-analytics.js","app":"https://www.gstatic.com/firebasejs/10.7.0/firebase-app.js","app-check":"https://www.gstatic.com/firebasejs/10.7.0/firebase-app-check.js","auth":"https://www.gstatic.com/firebasejs/10.7.0/firebase-auth.js","auth/cordova":"https://www.gstatic.com/firebasejs/10.7.0/firebase-auth/cordova.js","functions":"https://www.gstatic.com/firebasejs/10.7.0/firebase-functions.js","firestore":"https://www.gstatic.com/firebasejs/10.7.0/firebase-firestore.js","firestore/lite":"https://www.gstatic.com/firebasejs/10.7.0/firebase-firestore/lite.js","installations":"https://www.gstatic.com/firebasejs/10.7.0/firebase-installations.js","storage":"https://www.gstatic.com/firebasejs/10.7.0/firebase-storage.js","performance":"https://www.gstatic.com/firebasejs/10.7.0/firebase-performance.js","remote-config":"https://www.gstatic.com/firebasejs/10.7.0/firebase-remote-config.js","messaging":"https://www.gstatic.com/firebasejs/10.7.0/firebase-messaging.js","messaging/sw":"https://www.gstatic.com/firebasejs/10.7.0/firebase-messaging/sw.js","database":"https://www.gstatic.com/firebasejs/10.7.0/firebase-database.js","firestore.memory":"https://www.gstatic.com/firebasejs/10.7.0/firebase-firestore.memory.js"}}
[info] i  Skipping write of public/index.html 
[info] 
[info] i  Didn't detect a .git folder. Assuming /home/lk/firebase hosting is the project root. 
[info] i  Authorizing with GitHub to upload your service account to a GitHub repository's secrets store. 
[info] 
[info] Visit this URL on this device to log in:
[info] https://github.com/login/oauth/authorize?client_id=89cf50f02ac6aaed3484&state=314445370&redirect_uri=http%3A%2F%2Flocalhost%3A9005&scope=read%3Auser%20repo%20public_repo
[info] 
[info] Waiting for authentication...
[debug] [2023-11-30T04:07:17.951Z] >>> [apiv2][query] POST https://github.com/login/oauth/access_token [none]
[debug] [2023-11-30T04:07:17.952Z] >>> [apiv2][body] POST https://github.com/login/oauth/access_token [stream]
[debug] [2023-11-30T04:07:18.557Z] <<< [apiv2][status] POST https://github.com/login/oauth/access_token 200
[debug] [2023-11-30T04:07:18.557Z] <<< [apiv2][body] POST https://github.com/login/oauth/access_token {"access_token":"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","token_type":"bearer","scope":"read:user,repo"}
[debug] [2023-11-30T04:07:18.567Z] >>> [apiv2][query] GET https://api.github.com/user [none]
[debug] [2023-11-30T04:07:19.154Z] <<< [apiv2][status] GET https://api.github.com/user 200
[debug] [2023-11-30T04:07:19.154Z] <<< [apiv2][body] GET https://api.github.com/user {"login":"lwinminkhant","id":11659564,"node_id":"MDQ6VXNlcjExNjU5NTY0","avatar_url":"https://avatars.githubusercontent.com/u/11659564?v=4","gravatar_id":"","url":"https://api.github.com/users/lwinminkhant","html_url":"https://github.com/lwinminkhant","followers_url":"https://api.github.com/users/lwinminkhant/followers","following_url":"https://api.github.com/users/lwinminkhant/following{/other_user}","gists_url":"https://api.github.com/users/lwinminkhant/gists{/gist_id}","starred_url":"https://api.github.com/users/lwinminkhant/starred{/owner}{/repo}","subscriptions_url":"https://api.github.com/users/lwinminkhant/subscriptions","organizations_url":"https://api.github.com/users/lwinminkhant/orgs","repos_url":"https://api.github.com/users/lwinminkhant/repos","events_url":"https://api.github.com/users/lwinminkhant/events{/privacy}","received_events_url":"https://api.github.com/users/lwinminkhant/received_events","type":"User","site_admin":false,"name":"Lwin Min Khant","company":null,"blog":"","location":null,"email":null,"hireable":true,"bio":"Android Developer","twitter_username":null,"public_repos":15,"public_gists":0,"followers":4,"following":3,"created_at":"2015-03-26T05:50:45Z","updated_at":"2023-11-29T12:58:53Z","private_gists":0,"total_private_repos":28,"owned_private_repos":28,"disk_usage":472594,"collaborators":0,"two_factor_authentication":true,"plan":{"name":"free","space":976562499,"collaborators":0,"private_repos":10000}}
[info] 
[info] ✔  Success! Logged into GitHub as lwinminkhant 
[info] 
